file /dvpt/pinguino/git-local/pinguino-installers/windows/NSIS/nsis-3.0b1-src/SCons/utils.py,line 119:
	Configure(confdir = .sconf_temp)
scons: Configure: Checking for linker flag $MAP_FLAG... 
scons: Configure: ".sconf_temp/conftest_0.c" is up to date.
scons: Configure: The original builder output was:
  |.sconf_temp/conftest_0.c <-
  |  |
  |  |			int main() {
  |  |				return 0;
  |  |			}
  |  |		
  |
scons: Configure: ".sconf_temp/conftest_0.o" is up to date.
scons: Configure: The original builder output was:
  |gcc -o .sconf_temp/conftest_0.o -c -Wall -O2 -DNSISCALL= -D_UNICODE -DUNICODE -Ibuild/urelease/config .sconf_temp/conftest_0.c
  |
scons: Configure: ".sconf_temp/conftest_0" is up to date.
scons: Configure: The original builder output was:
  |gcc -o .sconf_temp/conftest_0 -Wl,-Map,.sconf_temp/conftest_0.map .sconf_temp/conftest_0.o
  |
scons: Configure: (cached) yes

scons: Configure: Checking for linker flag -s... 
scons: Configure: ".sconf_temp/conftest_1.cpp" is up to date.
scons: Configure: The original builder output was:
  |.sconf_temp/conftest_1.cpp <-
  |  |
  |  |		#include <vector>
  |  |
  |  |		int main() {
  |  |			std::vector<int> v;
  |  |			return 0;
  |  |		}
  |  |	
  |
scons: Configure: ".sconf_temp/conftest_1.o" is up to date.
scons: Configure: The original builder output was:
  |g++ -o .sconf_temp/conftest_1.o -c -Wno-non-virtual-dtor -Wall -O2 -DNSISCALL= -D_UNICODE -DUNICODE -Ibuild/urelease/config .sconf_temp/conftest_1.cpp
  |
scons: Configure: ".sconf_temp/conftest_1" is up to date.
scons: Configure: The original builder output was:
  |g++ -o .sconf_temp/conftest_1 -Wl,-Map,.sconf_temp/conftest_1.map -s .sconf_temp/conftest_1.o
  |
scons: Configure: ".sconf_temp/conftest_2.cpp" is up to date.
scons: Configure: The original builder output was:
  |.sconf_temp/conftest_2.cpp <-
  |  |
  |  |		#include <vector>
  |  |
  |  |		int main() {
  |  |			std::vector<int> v;
  |  |			return 0;
  |  |		}
  |  |	
  |
scons: Configure: ".sconf_temp/conftest_2.o" is up to date.
scons: Configure: The original builder output was:
  |g++ -o .sconf_temp/conftest_2.o -c -Wno-non-virtual-dtor -Wall -O2 -DNSISCALL= -D_UNICODE -DUNICODE -Ibuild/urelease/config .sconf_temp/conftest_2.cpp
  |
scons: Configure: ".sconf_temp/conftest_2" is up to date.
scons: Configure: The original builder output was:
  |g++ -o .sconf_temp/conftest_2 -Wl,-Map,.sconf_temp/conftest_2.map -s .sconf_temp/conftest_2.o
  |
scons: Configure: ".sconf_temp/conftest_2.out" is up to date.
scons: Configure: The original builder output was:
  |.sconf_temp/conftest_2 > .sconf_temp/conftest_2.out
  |
scons: Configure: (cached) yes


file /dvpt/pinguino/git-local/pinguino-installers/windows/NSIS/nsis-3.0b1-src/SCons/utils.py,line 119:
	Configure(confdir = .sconf_temp)
scons: Configure: Checking for linker flag $MAP_FLAG... 
scons: Configure: ".sconf_temp/conftest_3.c" is up to date.
scons: Configure: The original builder output was:
  |.sconf_temp/conftest_3.c <-
  |  |
  |  |			int main() {
  |  |				return 0;
  |  |			}
  |  |		
  |
scons: Configure: ".sconf_temp/conftest_3.o" is up to date.
scons: Configure: The original builder output was:
  |gcc -o .sconf_temp/conftest_3.o -c -O2 -Wall -fno-strict-aliasing -DNSISCALL="__attribute__((__stdcall__))" -Ibuild/urelease/config .sconf_temp/conftest_3.c
  |
scons: Configure: ".sconf_temp/conftest_3" is up to date.
scons: Configure: The original builder output was:
  |gcc -o .sconf_temp/conftest_3 -Wl,-Map,.sconf_temp/conftest_3.map .sconf_temp/conftest_3.o
  |
scons: Configure: (cached) yes


file /dvpt/pinguino/git-local/pinguino-installers/windows/NSIS/nsis-3.0b1-src/SCons/utils.py,line 119:
	Configure(confdir = .sconf_temp)

file /dvpt/pinguino/git-local/pinguino-installers/windows/NSIS/nsis-3.0b1-src/SCons/utils.py,line 119:
	Configure(confdir = .sconf_temp)
scons: Configure: Checking for linker flag -s... 
scons: Configure: ".sconf_temp/conftest_4.cpp" is up to date.
scons: Configure: The original builder output was:
  |.sconf_temp/conftest_4.cpp <-
  |  |
  |  |		#include <vector>
  |  |
  |  |		int main() {
  |  |			std::vector<int> v;
  |  |			return 0;
  |  |		}
  |  |	
  |
scons: Configure: ".sconf_temp/conftest_4.o" is up to date.
scons: Configure: The original builder output was:
  |g++ -o .sconf_temp/conftest_4.o -c -O2 -Wall -fno-strict-aliasing -DNSISCALL="__attribute__((__stdcall__))" -Ibuild/urelease/config .sconf_temp/conftest_4.cpp
  |
scons: Configure: ".sconf_temp/conftest_4" is up to date.
scons: Configure: The original builder output was:
  |g++ -o .sconf_temp/conftest_4 -Wl,-Map,.sconf_temp/conftest_4.map -s .sconf_temp/conftest_4.o
  |
scons: Configure: ".sconf_temp/conftest_5.cpp" is up to date.
scons: Configure: The original builder output was:
  |.sconf_temp/conftest_5.cpp <-
  |  |
  |  |		#include <vector>
  |  |
  |  |		int main() {
  |  |			std::vector<int> v;
  |  |			return 0;
  |  |		}
  |  |	
  |
scons: Configure: ".sconf_temp/conftest_5.o" is up to date.
scons: Configure: The original builder output was:
  |g++ -o .sconf_temp/conftest_5.o -c -O2 -Wall -fno-strict-aliasing -DNSISCALL="__attribute__((__stdcall__))" -Ibuild/urelease/config .sconf_temp/conftest_5.cpp
  |
scons: Configure: ".sconf_temp/conftest_5" is up to date.
scons: Configure: The original builder output was:
  |g++ -o .sconf_temp/conftest_5 -Wl,-Map,.sconf_temp/conftest_5.map -s .sconf_temp/conftest_5.o
  |
scons: Configure: ".sconf_temp/conftest_5.out" is up to date.
scons: Configure: The original builder output was:
  |.sconf_temp/conftest_5 > .sconf_temp/conftest_5.out
  |
scons: Configure: (cached) yes


file /dvpt/pinguino/git-local/pinguino-installers/windows/NSIS/nsis-3.0b1-src/SCons/utils.py,line 119:
	Configure(confdir = .sconf_temp)

file /dvpt/pinguino/git-local/pinguino-installers/windows/NSIS/nsis-3.0b1-src/SCons/Config/gnu,line 267:
	Configure(confdir = .sconf_temp)
scons: Configure: Checking for memcpy requirement... 
scons: Configure: ".sconf_temp/conftest_6.c" is up to date.
scons: Configure: The original builder output was:
  |.sconf_temp/conftest_6.c <-
  |  |
  |  |		int __main() {
  |  |			
  |  |struct s // gcc 3
  |  |{
  |  |  char c[128];
  |  |} t = { "test" };
  |  |char a[] = // gcc 4
  |  |  {'/', 'F', 'I' ,'L', 'L', 'S', 'C', 'R', 'E', 'E', 'N', 0};
  |  |int i;
  |  |for (i = 0; i < 100; i++) // avoid a and t being optimized out
  |  |{
  |  |  i += a[i] ^ t.c[i];
  |  |}
  |  |return i;
  |  |
  |  |			return 0;
  |  |		}
  |  |	
  |
scons: Configure: ".sconf_temp/conftest_6.o" is up to date.
scons: Configure: The original builder output was:
  |i586-mingw32msvc-gcc -o .sconf_temp/conftest_6.o -c -DNSISCALL="__attribute__((__stdcall__))" .sconf_temp/conftest_6.c
  |
scons: Configure: ".sconf_temp/conftest_6.exe" is up to date.
scons: Configure: The original builder output was:
  |i586-mingw32msvc-g++ -o .sconf_temp/conftest_6.exe -nostdlib -Wl,--exclude-libs,msvcrt.a -Wl,-e,___main .sconf_temp/conftest_6.o
  |
scons: Configure: (cached) no

scons: Configure: Checking for memset requirement... 
scons: Configure: ".sconf_temp/conftest_7.c" is up to date.
scons: Configure: The original builder output was:
  |.sconf_temp/conftest_7.c <-
  |  |
  |  |		int __main() {
  |  |			
  |  |char c[128] = "test";
  |  |c[0] = '6'; // avoid c being optimized out
  |  |return c[1]; // avoid c being optimized out
  |  |
  |  |			return 0;
  |  |		}
  |  |	
  |
scons: Configure: ".sconf_temp/conftest_7.o" is up to date.
scons: Configure: The original builder output was:
  |i586-mingw32msvc-gcc -o .sconf_temp/conftest_7.o -c -DNSISCALL="__attribute__((__stdcall__))" .sconf_temp/conftest_7.c
  |
scons: Configure: ".sconf_temp/conftest_7.exe" is up to date.
scons: Configure: The original builder output was:
  |i586-mingw32msvc-g++ -o .sconf_temp/conftest_7.exe -nostdlib -Wl,--exclude-libs,msvcrt.a -Wl,-e,___main .sconf_temp/conftest_7.o
  |
scons: Configure: (cached) no


file /dvpt/pinguino/git-local/pinguino-installers/windows/NSIS/nsis-3.0b1-src/SCons/utils.py,line 119:
	Configure(confdir = .sconf_temp)
scons: Configure: Checking for linker flag -pthread... 
scons: Configure: ".sconf_temp/conftest_8.c" is up to date.
scons: Configure: The original builder output was:
  |.sconf_temp/conftest_8.c <-
  |  |
  |  |			int main() {
  |  |				return 0;
  |  |			}
  |  |		
  |
scons: Configure: ".sconf_temp/conftest_8.o" is up to date.
scons: Configure: The original builder output was:
  |gcc -o .sconf_temp/conftest_8.o -c -Wall -O2 -DNSISCALL= -D_UNICODE -DUNICODE -Ibuild/urelease/config .sconf_temp/conftest_8.c
  |
scons: Configure: ".sconf_temp/conftest_8" is up to date.
scons: Configure: The original builder output was:
  |gcc -o .sconf_temp/conftest_8 -Wl,-Map,.sconf_temp/conftest_8.map -s -pthread .sconf_temp/conftest_8.o
  |
scons: Configure: (cached) yes


file /dvpt/pinguino/git-local/pinguino-installers/windows/NSIS/nsis-3.0b1-src/SCons/Config/gnu,line 332:
	Configure(confdir = .sconf_temp)
scons: Configure: Checking for __BIG_ENDIAN__... 
scons: Configure: ".sconf_temp/conftest_9.c" is up to date.
scons: Configure: The original builder output was:
  |.sconf_temp/conftest_9.c <-
  |  |
  |  |		int main() {
  |  |			#ifdef __BIG_ENDIAN__
  |  |				// already defined, no need to define again
  |  |				return 0;
  |  |			#else
  |  |				int i = 1;
  |  |				char *c = (char *) &i;
  |  |				return c[0] != 1;
  |  |			#endif
  |  |		}
  |  |	
  |
scons: Configure: ".sconf_temp/conftest_9.o" is up to date.
scons: Configure: The original builder output was:
  |gcc -o .sconf_temp/conftest_9.o -c -DNSISCALL="__attribute__((__stdcall__))" .sconf_temp/conftest_9.c
  |
scons: Configure: ".sconf_temp/conftest_9" is up to date.
scons: Configure: The original builder output was:
  |gcc -o .sconf_temp/conftest_9 .sconf_temp/conftest_9.o
  |
scons: Configure: ".sconf_temp/conftest_9.out" is up to date.
scons: Configure: The original builder output was:
  |.sconf_temp/conftest_9 > .sconf_temp/conftest_9.out
  |
scons: Configure: (cached) no


file /dvpt/pinguino/git-local/pinguino-installers/windows/NSIS/nsis-3.0b1-src/SCons/utils.py,line 6:
	Configure(confdir = .sconf_temp)
scons: Configure: Checking for C library gdi32... 
scons: Configure: ".sconf_temp/conftest_10.c" is up to date.
scons: Configure: The original builder output was:
  |.sconf_temp/conftest_10.c <-
  |  |
  |  |
  |  |
  |  |int
  |  |main() {
  |  |  
  |  |return 0;
  |  |}
  |  |
  |
scons: Configure: ".sconf_temp/conftest_10.o" is up to date.
scons: Configure: The original builder output was:
  |gcc -o .sconf_temp/conftest_10.o -c -Wall -O2 -DNSISCALL= -D_UNICODE -DUNICODE -Ibuild/urelease/config .sconf_temp/conftest_10.c
  |
scons: Configure: Building ".sconf_temp/conftest_10" failed in a previous run and all its sources are up to date.
scons: Configure: The original builder output was:
  |gcc -o .sconf_temp/conftest_10 -Wl,-Map,.sconf_temp/conftest_10.map -s -pthread .sconf_temp/conftest_10.o -lgdi32
  |
scons: Configure: (cached) no

scons: Configure: Checking for C library user32... 
scons: Configure: ".sconf_temp/conftest_11.c" is up to date.
scons: Configure: The original builder output was:
  |.sconf_temp/conftest_11.c <-
  |  |
  |  |
  |  |
  |  |int
  |  |main() {
  |  |  
  |  |return 0;
  |  |}
  |  |
  |
scons: Configure: ".sconf_temp/conftest_11.o" is up to date.
scons: Configure: The original builder output was:
  |gcc -o .sconf_temp/conftest_11.o -c -Wall -O2 -DNSISCALL= -D_UNICODE -DUNICODE -Ibuild/urelease/config .sconf_temp/conftest_11.c
  |
scons: Configure: Building ".sconf_temp/conftest_11" failed in a previous run and all its sources are up to date.
scons: Configure: The original builder output was:
  |gcc -o .sconf_temp/conftest_11 -Wl,-Map,.sconf_temp/conftest_11.map -s -pthread .sconf_temp/conftest_11.o -luser32
  |
scons: Configure: (cached) no

scons: Configure: Checking for C library pthread... 
scons: Configure: ".sconf_temp/conftest_12.c" is up to date.
scons: Configure: The original builder output was:
  |.sconf_temp/conftest_12.c <-
  |  |
  |  |
  |  |
  |  |int
  |  |main() {
  |  |  
  |  |return 0;
  |  |}
  |  |
  |
scons: Configure: ".sconf_temp/conftest_12.o" is up to date.
scons: Configure: The original builder output was:
  |gcc -o .sconf_temp/conftest_12.o -c -Wall -O2 -DNSISCALL= -D_UNICODE -DUNICODE -Ibuild/urelease/config .sconf_temp/conftest_12.c
  |
scons: Configure: ".sconf_temp/conftest_12" is up to date.
scons: Configure: The original builder output was:
  |gcc -o .sconf_temp/conftest_12 -Wl,-Map,.sconf_temp/conftest_12.map -s -pthread .sconf_temp/conftest_12.o -lpthread
  |
scons: Configure: (cached) yes

scons: Configure: Checking for C library iconv... 
scons: Configure: ".sconf_temp/conftest_13.c" is up to date.
scons: Configure: The original builder output was:
  |.sconf_temp/conftest_13.c <-
  |  |
  |  |
  |  |
  |  |int
  |  |main() {
  |  |  
  |  |return 0;
  |  |}
  |  |
  |
scons: Configure: ".sconf_temp/conftest_13.o" is up to date.
scons: Configure: The original builder output was:
  |gcc -o .sconf_temp/conftest_13.o -c -Wall -O2 -DNSISCALL= -D_UNICODE -DUNICODE -Ibuild/urelease/config .sconf_temp/conftest_13.c
  |
scons: Configure: Building ".sconf_temp/conftest_13" failed in a previous run and all its sources are up to date.
scons: Configure: The original builder output was:
  |gcc -o .sconf_temp/conftest_13 -Wl,-Map,.sconf_temp/conftest_13.map -s -pthread .sconf_temp/conftest_13.o -lpthread -liconv
  |
scons: Configure: (cached) no

scons: Configure: Checking for C library shlwapi... 
scons: Configure: ".sconf_temp/conftest_14.c" is up to date.
scons: Configure: The original builder output was:
  |.sconf_temp/conftest_14.c <-
  |  |
  |  |
  |  |
  |  |int
  |  |main() {
  |  |  
  |  |return 0;
  |  |}
  |  |
  |
scons: Configure: ".sconf_temp/conftest_14.o" is up to date.
scons: Configure: The original builder output was:
  |gcc -o .sconf_temp/conftest_14.o -c -Wall -O2 -DNSISCALL= -D_UNICODE -DUNICODE -Ibuild/urelease/config .sconf_temp/conftest_14.c
  |
scons: Configure: Building ".sconf_temp/conftest_14" failed in a previous run and all its sources are up to date.
scons: Configure: The original builder output was:
  |gcc -o .sconf_temp/conftest_14 -Wl,-Map,.sconf_temp/conftest_14.map -s -pthread .sconf_temp/conftest_14.o -lpthread -lshlwapi
  |
scons: Configure: (cached) no


file /dvpt/pinguino/git-local/pinguino-installers/windows/NSIS/nsis-3.0b1-src/SCons/utils.py,line 36:
	Configure(confdir = .sconf_temp)
scons: Configure: Checking for C library z... 
scons: Configure: ".sconf_temp/conftest_15.c" is up to date.
scons: Configure: The original builder output was:
  |.sconf_temp/conftest_15.c <-
  |  |
  |  |
  |  |#include "zlib.h"
  |  |
  |  |int
  |  |main() {
  |  |  
  |  |return 0;
  |  |}
  |  |
  |
scons: Configure: ".sconf_temp/conftest_15.o" is up to date.
scons: Configure: The original builder output was:
  |gcc -o .sconf_temp/conftest_15.o -c -Wall -O2 -DNSISCALL= -D_UNICODE -DUNICODE -Ibuild/urelease/config .sconf_temp/conftest_15.c
  |
scons: Configure: ".sconf_temp/conftest_15" is up to date.
scons: Configure: The original builder output was:
  |gcc -o .sconf_temp/conftest_15 -Wl,-Map,.sconf_temp/conftest_15.map -s -pthread .sconf_temp/conftest_15.o -lpthread -lz
  |
scons: Configure: (cached) yes


file /dvpt/pinguino/git-local/pinguino-installers/windows/NSIS/nsis-3.0b1-src/SCons/utils.py,line 6:
	Configure(confdir = .sconf_temp)
scons: Configure: Checking for C library dl... 
scons: Configure: ".sconf_temp/conftest_16.c" is up to date.
scons: Configure: The original builder output was:
  |.sconf_temp/conftest_16.c <-
  |  |
  |  |
  |  |
  |  |int
  |  |main() {
  |  |  
  |  |return 0;
  |  |}
  |  |
  |
scons: Configure: ".sconf_temp/conftest_16.o" is up to date.
scons: Configure: The original builder output was:
  |gcc -o .sconf_temp/conftest_16.o -c -DNSISCALL="__attribute__((__stdcall__))" -Ibuild/urelease/config .sconf_temp/conftest_16.c
  |
scons: Configure: ".sconf_temp/conftest_16" is up to date.
scons: Configure: The original builder output was:
  |gcc -o .sconf_temp/conftest_16 .sconf_temp/conftest_16.o -ldl
  |
scons: Configure: (cached) yes

scons: Configure: Checking for C library gdi32... 
scons: Configure: ".sconf_temp/conftest_17.c" is up to date.
scons: Configure: The original builder output was:
  |.sconf_temp/conftest_17.c <-
  |  |
  |  |
  |  |
  |  |int
  |  |main() {
  |  |  
  |  |return 0;
  |  |}
  |  |
  |
scons: Configure: ".sconf_temp/conftest_17.o" is up to date.
scons: Configure: The original builder output was:
  |gcc -o .sconf_temp/conftest_17.o -c -DNSISCALL="__attribute__((__stdcall__))" -Ibuild/urelease/config .sconf_temp/conftest_17.c
  |
scons: Configure: Building ".sconf_temp/conftest_17" failed in a previous run and all its sources are up to date.
scons: Configure: The original builder output was:
  |gcc -o .sconf_temp/conftest_17 .sconf_temp/conftest_17.o -ldl -lgdi32
  |
scons: Configure: (cached) no

scons: Configure: Checking for C library iconv... 
scons: Configure: ".sconf_temp/conftest_18.c" is up to date.
scons: Configure: The original builder output was:
  |.sconf_temp/conftest_18.c <-
  |  |
  |  |
  |  |
  |  |int
  |  |main() {
  |  |  
  |  |return 0;
  |  |}
  |  |
  |
scons: Configure: ".sconf_temp/conftest_18.o" is up to date.
scons: Configure: The original builder output was:
  |gcc -o .sconf_temp/conftest_18.o -c -DNSISCALL="__attribute__((__stdcall__))" -Ibuild/urelease/config .sconf_temp/conftest_18.c
  |
scons: Configure: Building ".sconf_temp/conftest_18" failed in a previous run and all its sources are up to date.
scons: Configure: The original builder output was:
  |gcc -o .sconf_temp/conftest_18 .sconf_temp/conftest_18.o -ldl -liconv
  |
scons: Configure: (cached) no

scons: Configure: Checking for C library pthread... 
scons: Configure: ".sconf_temp/conftest_19.c" is up to date.
scons: Configure: The original builder output was:
  |.sconf_temp/conftest_19.c <-
  |  |
  |  |
  |  |
  |  |int
  |  |main() {
  |  |  
  |  |return 0;
  |  |}
  |  |
  |
scons: Configure: ".sconf_temp/conftest_19.o" is up to date.
scons: Configure: The original builder output was:
  |gcc -o .sconf_temp/conftest_19.o -c -DNSISCALL="__attribute__((__stdcall__))" -Ibuild/urelease/config .sconf_temp/conftest_19.c
  |
scons: Configure: ".sconf_temp/conftest_19" is up to date.
scons: Configure: The original builder output was:
  |gcc -o .sconf_temp/conftest_19 .sconf_temp/conftest_19.o -ldl -lpthread
  |
scons: Configure: (cached) yes

scons: Configure: Checking for C library user32... 
scons: Configure: ".sconf_temp/conftest_20.c" is up to date.
scons: Configure: The original builder output was:
  |.sconf_temp/conftest_20.c <-
  |  |
  |  |
  |  |
  |  |int
  |  |main() {
  |  |  
  |  |return 0;
  |  |}
  |  |
  |
scons: Configure: ".sconf_temp/conftest_20.o" is up to date.
scons: Configure: The original builder output was:
  |gcc -o .sconf_temp/conftest_20.o -c -DNSISCALL="__attribute__((__stdcall__))" -Ibuild/urelease/config .sconf_temp/conftest_20.c
  |
scons: Configure: Building ".sconf_temp/conftest_20" failed in a previous run and all its sources are up to date.
scons: Configure: The original builder output was:
  |gcc -o .sconf_temp/conftest_20 .sconf_temp/conftest_20.o -ldl -lpthread -luser32
  |
scons: Configure: (cached) no


file /dvpt/pinguino/git-local/pinguino-installers/windows/NSIS/nsis-3.0b1-src/SCons/utils.py,line 36:
	Configure(confdir = .sconf_temp)
scons: Configure: Checking for C library z... 
scons: Configure: ".sconf_temp/conftest_21.c" is up to date.
scons: Configure: The original builder output was:
  |.sconf_temp/conftest_21.c <-
  |  |
  |  |
  |  |#include "zlib.h"
  |  |
  |  |int
  |  |main() {
  |  |  
  |  |return 0;
  |  |}
  |  |
  |
scons: Configure: ".sconf_temp/conftest_21.o" is up to date.
scons: Configure: The original builder output was:
  |gcc -o .sconf_temp/conftest_21.o -c -DNSISCALL="__attribute__((__stdcall__))" -Ibuild/urelease/config .sconf_temp/conftest_21.c
  |
scons: Configure: ".sconf_temp/conftest_21" is up to date.
scons: Configure: The original builder output was:
  |gcc -o .sconf_temp/conftest_21 .sconf_temp/conftest_21.o -ldl -lpthread -lz
  |
scons: Configure: (cached) yes


file /dvpt/pinguino/git-local/pinguino-installers/windows/NSIS/nsis-3.0b1-src/Source/Tests/SConscript,line 109:
	Configure(confdir = .sconf_temp)
scons: Configure: Checking for C++ library cppunit... 
scons: Configure: ".sconf_temp/conftest_22.cpp" is up to date.
scons: Configure: The original builder output was:
  |.sconf_temp/conftest_22.cpp <-
  |  |
  |  |
  |  |#include "cppunit/extensions/HelperMacros.h"
  |  |
  |  |int
  |  |main() {
  |  |  
  |  |return 0;
  |  |}
  |  |
  |
scons: Configure: Building ".sconf_temp/conftest_22.o" failed in a previous run and all its sources are up to date.
scons: Configure: The original builder output was:
  |g++ -o .sconf_temp/conftest_22.o -c -DNSISCALL="__attribute__((__stdcall__))" -DCOMPRESS_MF_BT -Ibuild/urelease/config .sconf_temp/conftest_22.cpp
  |
scons: Configure: (cached) no


